2023-01-04 00:27:28,490 ERROR 35839 nodejs.ClusterClientNoResponseError: client no response in 1066660ms exceeding maxIdleTime 60000ms, maybe the connection is close on other side.
    at Timeout._onTimeout (/Users/huke/Downloads/example/node_modules/cluster-client/lib/leader.js:79:25)
    at listOnTimeout (node:internal/timers:559:17)
    at processTimers (node:internal/timers:502:7)
name: "ClusterClientNoResponseError"
pid: 35839
hostname: HUs-MacBook-Pro.local

2023-01-04 00:44:49,143 ERROR 35839 nodejs.ClusterClientNoResponseError: client no response in 1040650ms exceeding maxIdleTime 60000ms, maybe the connection is close on other side.
    at Timeout._onTimeout (/Users/huke/Downloads/example/node_modules/cluster-client/lib/leader.js:79:25)
    at listOnTimeout (node:internal/timers:559:17)
    at processTimers (node:internal/timers:502:7)
name: "ClusterClientNoResponseError"
pid: 35839
hostname: HUs-MacBook-Pro.local

2023-01-04 01:02:19,823 ERROR 35839 nodejs.ClusterClientNoResponseError: client no response in 1050678ms exceeding maxIdleTime 60000ms, maybe the connection is close on other side.
    at Timeout._onTimeout (/Users/huke/Downloads/example/node_modules/cluster-client/lib/leader.js:79:25)
    at listOnTimeout (node:internal/timers:559:17)
    at processTimers (node:internal/timers:502:7)
name: "ClusterClientNoResponseError"
pid: 35839
hostname: HUs-MacBook-Pro.local

2023-01-04 01:17:47,473 ERROR 35839 nodejs.ClusterClientNoResponseError: client no response in 927647ms exceeding maxIdleTime 60000ms, maybe the connection is close on other side.
    at Timeout._onTimeout (/Users/huke/Downloads/example/node_modules/cluster-client/lib/leader.js:79:25)
    at listOnTimeout (node:internal/timers:559:17)
    at processTimers (node:internal/timers:502:7)
name: "ClusterClientNoResponseError"
pid: 35839
hostname: HUs-MacBook-Pro.local

2023-01-04 01:33:43,155 ERROR 35839 nodejs.ClusterClientNoResponseError: client no response in 955681ms exceeding maxIdleTime 60000ms, maybe the connection is close on other side.
    at Timeout._onTimeout (/Users/huke/Downloads/example/node_modules/cluster-client/lib/leader.js:79:25)
    at listOnTimeout (node:internal/timers:559:17)
    at processTimers (node:internal/timers:502:7)
name: "ClusterClientNoResponseError"
pid: 35839
hostname: HUs-MacBook-Pro.local

2023-01-04 01:51:43,833 ERROR 35839 nodejs.ClusterClientNoResponseError: client no response in 1080675ms exceeding maxIdleTime 60000ms, maybe the connection is close on other side.
    at Timeout._onTimeout (/Users/huke/Downloads/example/node_modules/cluster-client/lib/leader.js:79:25)
    at listOnTimeout (node:internal/timers:559:17)
    at processTimers (node:internal/timers:502:7)
name: "ClusterClientNoResponseError"
pid: 35839
hostname: HUs-MacBook-Pro.local

2023-01-04 02:08:45,504 ERROR 35839 nodejs.ClusterClientNoResponseError: client no response in 1021668ms exceeding maxIdleTime 60000ms, maybe the connection is close on other side.
    at Timeout._onTimeout (/Users/huke/Downloads/example/node_modules/cluster-client/lib/leader.js:79:25)
    at listOnTimeout (node:internal/timers:559:17)
    at processTimers (node:internal/timers:502:7)
name: "ClusterClientNoResponseError"
pid: 35839
hostname: HUs-MacBook-Pro.local

2023-01-04 02:24:03,186 ERROR 35839 nodejs.ClusterClientNoResponseError: client no response in 917680ms exceeding maxIdleTime 60000ms, maybe the connection is close on other side.
    at Timeout._onTimeout (/Users/huke/Downloads/example/node_modules/cluster-client/lib/leader.js:79:25)
    at listOnTimeout (node:internal/timers:559:17)
    at processTimers (node:internal/timers:502:7)
name: "ClusterClientNoResponseError"
pid: 35839
hostname: HUs-MacBook-Pro.local

2023-01-04 02:41:47,878 ERROR 35839 nodejs.ClusterClientNoResponseError: client no response in 1064689ms exceeding maxIdleTime 60000ms, maybe the connection is close on other side.
    at Timeout._onTimeout (/Users/huke/Downloads/example/node_modules/cluster-client/lib/leader.js:79:25)
    at listOnTimeout (node:internal/timers:559:17)
    at processTimers (node:internal/timers:502:7)
name: "ClusterClientNoResponseError"
pid: 35839
hostname: HUs-MacBook-Pro.local

2023-01-04 02:58:04,560 ERROR 35839 nodejs.ClusterClientNoResponseError: client no response in 976680ms exceeding maxIdleTime 60000ms, maybe the connection is close on other side.
    at Timeout._onTimeout (/Users/huke/Downloads/example/node_modules/cluster-client/lib/leader.js:79:25)
    at listOnTimeout (node:internal/timers:559:17)
    at processTimers (node:internal/timers:502:7)
name: "ClusterClientNoResponseError"
pid: 35839
hostname: HUs-MacBook-Pro.local

2023-01-04 03:31:53,887 ERROR 35839 nodejs.ClusterClientNoResponseError: client no response in 994671ms exceeding maxIdleTime 60000ms, maybe the connection is close on other side.
    at Timeout._onTimeout (/Users/huke/Downloads/example/node_modules/cluster-client/lib/leader.js:79:25)
    at listOnTimeout (node:internal/timers:559:17)
    at processTimers (node:internal/timers:502:7)
name: "ClusterClientNoResponseError"
pid: 35839
hostname: HUs-MacBook-Pro.local

2023-01-04 03:49:42,568 ERROR 35839 nodejs.ClusterClientNoResponseError: client no response in 1068678ms exceeding maxIdleTime 60000ms, maybe the connection is close on other side.
    at Timeout._onTimeout (/Users/huke/Downloads/example/node_modules/cluster-client/lib/leader.js:79:25)
    at listOnTimeout (node:internal/timers:559:17)
    at processTimers (node:internal/timers:502:7)
name: "ClusterClientNoResponseError"
pid: 35839
hostname: HUs-MacBook-Pro.local

2023-01-04 04:07:19,246 ERROR 35839 nodejs.ClusterClientNoResponseError: client no response in 1056675ms exceeding maxIdleTime 60000ms, maybe the connection is close on other side.
    at Timeout._onTimeout (/Users/huke/Downloads/example/node_modules/cluster-client/lib/leader.js:79:25)
    at listOnTimeout (node:internal/timers:559:17)
    at processTimers (node:internal/timers:502:7)
name: "ClusterClientNoResponseError"
pid: 35839
hostname: HUs-MacBook-Pro.local

2023-01-04 04:24:18,936 ERROR 35839 nodejs.ClusterClientNoResponseError: client no response in 1019683ms exceeding maxIdleTime 60000ms, maybe the connection is close on other side.
    at Timeout._onTimeout (/Users/huke/Downloads/example/node_modules/cluster-client/lib/leader.js:79:25)
    at listOnTimeout (node:internal/timers:559:17)
    at processTimers (node:internal/timers:502:7)
name: "ClusterClientNoResponseError"
pid: 35839
hostname: HUs-MacBook-Pro.local

2023-01-04 04:39:36,599 ERROR 35839 nodejs.ClusterClientNoResponseError: client no response in 917656ms exceeding maxIdleTime 60000ms, maybe the connection is close on other side.
    at Timeout._onTimeout (/Users/huke/Downloads/example/node_modules/cluster-client/lib/leader.js:79:25)
    at listOnTimeout (node:internal/timers:559:17)
    at processTimers (node:internal/timers:502:7)
name: "ClusterClientNoResponseError"
pid: 35839
hostname: HUs-MacBook-Pro.local

2023-01-04 04:55:31,271 ERROR 35839 nodejs.ClusterClientNoResponseError: client no response in 954670ms exceeding maxIdleTime 60000ms, maybe the connection is close on other side.
    at Timeout._onTimeout (/Users/huke/Downloads/example/node_modules/cluster-client/lib/leader.js:79:25)
    at listOnTimeout (node:internal/timers:559:17)
    at processTimers (node:internal/timers:502:7)
name: "ClusterClientNoResponseError"
pid: 35839
hostname: HUs-MacBook-Pro.local

2023-01-04 05:10:35,146 ERROR 35839 nodejs.ClusterClientNoResponseError: client no response in 903865ms exceeding maxIdleTime 60000ms, maybe the connection is close on other side.
    at Timeout._onTimeout (/Users/huke/Downloads/example/node_modules/cluster-client/lib/leader.js:79:25)
    at listOnTimeout (node:internal/timers:559:17)
    at processTimers (node:internal/timers:502:7)
name: "ClusterClientNoResponseError"
pid: 35839
hostname: HUs-MacBook-Pro.local

2023-01-04 05:27:51,825 ERROR 35839 nodejs.ClusterClientNoResponseError: client no response in 1036677ms exceeding maxIdleTime 60000ms, maybe the connection is close on other side.
    at Timeout._onTimeout (/Users/huke/Downloads/example/node_modules/cluster-client/lib/leader.js:79:25)
    at listOnTimeout (node:internal/timers:559:17)
    at processTimers (node:internal/timers:502:7)
name: "ClusterClientNoResponseError"
pid: 35839
hostname: HUs-MacBook-Pro.local

2023-01-04 05:44:27,499 ERROR 35839 nodejs.ClusterClientNoResponseError: client no response in 995672ms exceeding maxIdleTime 60000ms, maybe the connection is close on other side.
    at Timeout._onTimeout (/Users/huke/Downloads/example/node_modules/cluster-client/lib/leader.js:79:25)
    at listOnTimeout (node:internal/timers:559:17)
    at processTimers (node:internal/timers:502:7)
name: "ClusterClientNoResponseError"
pid: 35839
hostname: HUs-MacBook-Pro.local

2023-01-04 06:01:51,186 ERROR 35839 nodejs.ClusterClientNoResponseError: client no response in 1043685ms exceeding maxIdleTime 60000ms, maybe the connection is close on other side.
    at Timeout._onTimeout (/Users/huke/Downloads/example/node_modules/cluster-client/lib/leader.js:79:25)
    at listOnTimeout (node:internal/timers:559:17)
    at processTimers (node:internal/timers:502:7)
name: "ClusterClientNoResponseError"
pid: 35839
hostname: HUs-MacBook-Pro.local

2023-01-04 06:17:39,836 ERROR 35839 nodejs.ClusterClientNoResponseError: client no response in 948648ms exceeding maxIdleTime 60000ms, maybe the connection is close on other side.
    at Timeout._onTimeout (/Users/huke/Downloads/example/node_modules/cluster-client/lib/leader.js:79:25)
    at listOnTimeout (node:internal/timers:559:17)
    at processTimers (node:internal/timers:502:7)
name: "ClusterClientNoResponseError"
pid: 35839
hostname: HUs-MacBook-Pro.local

2023-01-04 06:33:01,285 ERROR 35839 nodejs.ClusterClientNoResponseError: client no response in 921446ms exceeding maxIdleTime 60000ms, maybe the connection is close on other side.
    at Timeout._onTimeout (/Users/huke/Downloads/example/node_modules/cluster-client/lib/leader.js:79:25)
    at listOnTimeout (node:internal/timers:559:17)
    at processTimers (node:internal/timers:502:7)
name: "ClusterClientNoResponseError"
pid: 35839
hostname: HUs-MacBook-Pro.local

2023-01-04 06:48:50,966 ERROR 35839 nodejs.ClusterClientNoResponseError: client no response in 949679ms exceeding maxIdleTime 60000ms, maybe the connection is close on other side.
    at Timeout._onTimeout (/Users/huke/Downloads/example/node_modules/cluster-client/lib/leader.js:79:25)
    at listOnTimeout (node:internal/timers:559:17)
    at processTimers (node:internal/timers:502:7)
name: "ClusterClientNoResponseError"
pid: 35839
hostname: HUs-MacBook-Pro.local

2023-01-04 07:22:34,326 ERROR 35839 nodejs.ClusterClientNoResponseError: client no response in 968680ms exceeding maxIdleTime 60000ms, maybe the connection is close on other side.
    at Timeout._onTimeout (/Users/huke/Downloads/example/node_modules/cluster-client/lib/leader.js:79:25)
    at listOnTimeout (node:internal/timers:559:17)
    at processTimers (node:internal/timers:502:7)
name: "ClusterClientNoResponseError"
pid: 35839
hostname: HUs-MacBook-Pro.local

2023-01-04 07:39:07,167 ERROR 35839 nodejs.ClusterClientNoResponseError: client no response in 992838ms exceeding maxIdleTime 60000ms, maybe the connection is close on other side.
    at Timeout._onTimeout (/Users/huke/Downloads/example/node_modules/cluster-client/lib/leader.js:79:25)
    at listOnTimeout (node:internal/timers:559:17)
    at processTimers (node:internal/timers:502:7)
name: "ClusterClientNoResponseError"
pid: 35839
hostname: HUs-MacBook-Pro.local

2023-01-04 07:54:26,800 ERROR 35839 nodejs.ClusterClientNoResponseError: client no response in 919630ms exceeding maxIdleTime 60000ms, maybe the connection is close on other side.
    at Timeout._onTimeout (/Users/huke/Downloads/example/node_modules/cluster-client/lib/leader.js:79:25)
    at listOnTimeout (node:internal/timers:559:17)
    at processTimers (node:internal/timers:502:7)
name: "ClusterClientNoResponseError"
pid: 35839
hostname: HUs-MacBook-Pro.local

2023-01-04 08:11:08,474 ERROR 35839 nodejs.ClusterClientNoResponseError: client no response in 1001671ms exceeding maxIdleTime 60000ms, maybe the connection is close on other side.
    at Timeout._onTimeout (/Users/huke/Downloads/example/node_modules/cluster-client/lib/leader.js:79:25)
    at listOnTimeout (node:internal/timers:559:17)
    at processTimers (node:internal/timers:502:7)
name: "ClusterClientNoResponseError"
pid: 35839
hostname: HUs-MacBook-Pro.local

2023-01-04 08:22:12,588 ERROR 35839 nodejs.ClusterClientNoResponseError: client no response in 664110ms exceeding maxIdleTime 60000ms, maybe the connection is close on other side.
    at Timeout._onTimeout (/Users/huke/Downloads/example/node_modules/cluster-client/lib/leader.js:79:25)
    at listOnTimeout (node:internal/timers:559:17)
    at processTimers (node:internal/timers:502:7)
name: "ClusterClientNoResponseError"
pid: 35839
hostname: HUs-MacBook-Pro.local

2023-01-04 08:40:06,417 ERROR 35839 nodejs.ClusterClientNoResponseError: client no response in 1073824ms exceeding maxIdleTime 60000ms, maybe the connection is close on other side.
    at Timeout._onTimeout (/Users/huke/Downloads/example/node_modules/cluster-client/lib/leader.js:79:25)
    at listOnTimeout (node:internal/timers:559:17)
    at processTimers (node:internal/timers:502:7)
name: "ClusterClientNoResponseError"
pid: 35839
hostname: HUs-MacBook-Pro.local

2023-01-04 08:57:03,176 ERROR 35839 nodejs.ClusterClientNoResponseError: client no response in 1016754ms exceeding maxIdleTime 60000ms, maybe the connection is close on other side.
    at Timeout._onTimeout (/Users/huke/Downloads/example/node_modules/cluster-client/lib/leader.js:79:25)
    at listOnTimeout (node:internal/timers:559:17)
    at processTimers (node:internal/timers:502:7)
name: "ClusterClientNoResponseError"
pid: 35839
hostname: HUs-MacBook-Pro.local

2023-01-04 09:12:12,838 ERROR 35839 nodejs.ClusterClientNoResponseError: client no response in 909659ms exceeding maxIdleTime 60000ms, maybe the connection is close on other side.
    at Timeout._onTimeout (/Users/huke/Downloads/example/node_modules/cluster-client/lib/leader.js:79:25)
    at listOnTimeout (node:internal/timers:559:17)
    at processTimers (node:internal/timers:502:7)
name: "ClusterClientNoResponseError"
pid: 35839
hostname: HUs-MacBook-Pro.local

2023-01-04 09:45:25,182 ERROR 35839 nodejs.ClusterClientNoResponseError: client no response in 1000675ms exceeding maxIdleTime 60000ms, maybe the connection is close on other side.
    at Timeout._onTimeout (/Users/huke/Downloads/example/node_modules/cluster-client/lib/leader.js:79:25)
    at listOnTimeout (node:internal/timers:559:17)
    at processTimers (node:internal/timers:502:7)
name: "ClusterClientNoResponseError"
pid: 35839
hostname: HUs-MacBook-Pro.local

2023-01-04 10:01:56,862 ERROR 35839 nodejs.ClusterClientNoResponseError: client no response in 991678ms exceeding maxIdleTime 60000ms, maybe the connection is close on other side.
    at Timeout._onTimeout (/Users/huke/Downloads/example/node_modules/cluster-client/lib/leader.js:79:25)
    at listOnTimeout (node:internal/timers:559:17)
    at processTimers (node:internal/timers:502:7)
name: "ClusterClientNoResponseError"
pid: 35839
hostname: HUs-MacBook-Pro.local

2023-01-04 11:12:00,911 ERROR 39541 nodejs.TypeError: Converting circular structure to JSON
    --> starting at object with constructor 'Server'
    |     property 'nsps' -> object with constructor 'Object'
    |     property '/' -> object with constructor 'Namespace'
    --- property 'server' closes the circle
    --> starting at object with constructor 'Server'
    |     property 'nsps' -> object with constructor 'Object'
    |     property '/' -> object with constructor 'Namespace'
    --- property 'server' closes the circle
    at JSON.stringify (<anonymous>)
    at Object.hash (/Users/huke/Downloads/example/node_modules/koa-session/lib/util.js:35:21)
    at ContextSession._shouldSaveSession (/Users/huke/Downloads/example/node_modules/koa-session/lib/context.js:254:39)
    at ContextSession.commit (/Users/huke/Downloads/example/node_modules/koa-session/lib/context.js:230:25)
    at session (/Users/huke/Downloads/example/node_modules/koa-session/index.js:46:20)
    at runMicrotasks (<anonymous>)
    at processTicksAndRejections (node:internal/process/task_queues:96:5)

pid: 39541
hostname: HUs-MacBook-Pro.local

2023-01-04 11:39:10,154 ERROR 39541 nodejs.TypeError: Converting circular structure to JSON
    --> starting at object with constructor 'Server'
    |     property 'nsps' -> object with constructor 'Object'
    |     property '/' -> object with constructor 'Namespace'
    --- property 'server' closes the circle
    --> starting at object with constructor 'Server'
    |     property 'nsps' -> object with constructor 'Object'
    |     property '/' -> object with constructor 'Namespace'
    --- property 'server' closes the circle
    at JSON.stringify (<anonymous>)
    at Object.hash (/Users/huke/Downloads/example/node_modules/koa-session/lib/util.js:35:21)
    at ContextSession._shouldSaveSession (/Users/huke/Downloads/example/node_modules/koa-session/lib/context.js:254:39)
    at ContextSession.commit (/Users/huke/Downloads/example/node_modules/koa-session/lib/context.js:230:25)
    at session (/Users/huke/Downloads/example/node_modules/koa-session/index.js:46:20)
    at runMicrotasks (<anonymous>)
    at processTicksAndRejections (node:internal/process/task_queues:96:5)

pid: 39541
hostname: HUs-MacBook-Pro.local

2023-01-04 11:39:12,138 ERROR 39541 nodejs.TypeError: Converting circular structure to JSON
    --> starting at object with constructor 'Server'
    |     property 'nsps' -> object with constructor 'Object'
    |     property '/' -> object with constructor 'Namespace'
    --- property 'server' closes the circle
    --> starting at object with constructor 'Server'
    |     property 'nsps' -> object with constructor 'Object'
    |     property '/' -> object with constructor 'Namespace'
    --- property 'server' closes the circle
    at JSON.stringify (<anonymous>)
    at Object.hash (/Users/huke/Downloads/example/node_modules/koa-session/lib/util.js:35:21)
    at ContextSession._shouldSaveSession (/Users/huke/Downloads/example/node_modules/koa-session/lib/context.js:254:39)
    at ContextSession.commit (/Users/huke/Downloads/example/node_modules/koa-session/lib/context.js:230:25)
    at session (/Users/huke/Downloads/example/node_modules/koa-session/index.js:46:20)
    at runMicrotasks (<anonymous>)
    at processTicksAndRejections (node:internal/process/task_queues:96:5)

pid: 39541
hostname: HUs-MacBook-Pro.local

