2023-01-04 00:09:41,842 INFO 39541 [egg-logrotator] app logger reload: got log-reload message
2023-01-04 00:27:28,490 WARN 39541 [TCPBase] socket is closed by other side while there were still unhandled data in the socket buffer
2023-01-04 00:27:28,490 WARN 39541 [ClusterClient:Watcher] follower closed, and try to init it again
2023-01-04 00:44:49,143 WARN 39541 [TCPBase] socket is closed by other side while there were still unhandled data in the socket buffer
2023-01-04 00:44:49,143 WARN 39541 [ClusterClient:Watcher] follower closed, and try to init it again
2023-01-04 01:02:19,823 WARN 39541 [ClusterClient:Watcher] follower closed, and try to init it again
2023-01-04 01:17:47,473 WARN 39541 [TCPBase] socket is closed by other side while there were still unhandled data in the socket buffer
2023-01-04 01:17:47,473 WARN 39541 [ClusterClient:Watcher] follower closed, and try to init it again
2023-01-04 01:33:43,155 WARN 39541 [ClusterClient:Watcher] follower closed, and try to init it again
2023-01-04 01:51:43,833 WARN 39541 [ClusterClient:Watcher] follower closed, and try to init it again
2023-01-04 02:08:45,504 WARN 39541 [TCPBase] socket is closed by other side while there were still unhandled data in the socket buffer
2023-01-04 02:08:45,504 WARN 39541 [ClusterClient:Watcher] follower closed, and try to init it again
2023-01-04 02:24:03,186 WARN 39541 [ClusterClient:Watcher] follower closed, and try to init it again
2023-01-04 02:41:47,878 WARN 39541 [TCPBase] socket is closed by other side while there were still unhandled data in the socket buffer
2023-01-04 02:41:47,878 WARN 39541 [ClusterClient:Watcher] follower closed, and try to init it again
2023-01-04 02:58:04,560 WARN 39541 [TCPBase] socket is closed by other side while there were still unhandled data in the socket buffer
2023-01-04 02:58:04,561 WARN 39541 [ClusterClient:Watcher] follower closed, and try to init it again
2023-01-04 03:31:53,887 WARN 39541 [TCPBase] socket is closed by other side while there were still unhandled data in the socket buffer
2023-01-04 03:31:53,887 WARN 39541 [ClusterClient:Watcher] follower closed, and try to init it again
2023-01-04 03:49:42,568 WARN 39541 [ClusterClient:Watcher] follower closed, and try to init it again
2023-01-04 04:07:19,246 WARN 39541 [TCPBase] socket is closed by other side while there were still unhandled data in the socket buffer
2023-01-04 04:07:19,247 WARN 39541 [ClusterClient:Watcher] follower closed, and try to init it again
2023-01-04 04:24:18,936 WARN 39541 [ClusterClient:Watcher] follower closed, and try to init it again
2023-01-04 04:39:36,596 WARN 39541 [TCPBase] socket is closed by other side while there were still unhandled data in the socket buffer
2023-01-04 04:39:36,596 WARN 39541 [ClusterClient:Watcher] follower closed, and try to init it again
2023-01-04 04:39:36,598 INFO 39541 [-/127.0.0.1/-/0ms SCHEDULE /__schedule?path=/Users/huke/Downloads/example/node_modules/egg-multipart/app/schedule/clean_tmpdir.js&type=worker&cron=0%2030%204%20*%20*%20*&disable=false&immediate=false] [egg-multipart:CleanTmpdir] start clean tmpdir: "/var/folders/p8/svdgrv3j37l2plttcy9rjgj40000gn/T/egg-multipart-tmp/socket.io-example"
2023-01-04 04:39:36,601 INFO 39541 [-/127.0.0.1/-/4ms SCHEDULE /__schedule?path=/Users/huke/Downloads/example/node_modules/egg-multipart/app/schedule/clean_tmpdir.js&type=worker&cron=0%2030%204%20*%20*%20*&disable=false&immediate=false] [egg-multipart:CleanTmpdir] end
2023-01-04 04:55:31,271 WARN 39541 [TCPBase] socket is closed by other side while there were still unhandled data in the socket buffer
2023-01-04 04:55:31,272 WARN 39541 [ClusterClient:Watcher] follower closed, and try to init it again
2023-01-04 05:10:35,146 WARN 39541 [TCPBase] socket is closed by other side while there were still unhandled data in the socket buffer
2023-01-04 05:10:35,147 WARN 39541 [ClusterClient:Watcher] follower closed, and try to init it again
2023-01-04 05:27:51,826 WARN 39541 [ClusterClient:Watcher] follower closed, and try to init it again
2023-01-04 05:44:27,499 WARN 39541 [TCPBase] socket is closed by other side while there were still unhandled data in the socket buffer
2023-01-04 05:44:27,499 WARN 39541 [ClusterClient:Watcher] follower closed, and try to init it again
2023-01-04 06:01:51,186 WARN 39541 [TCPBase] socket is closed by other side while there were still unhandled data in the socket buffer
2023-01-04 06:01:51,186 WARN 39541 [ClusterClient:Watcher] follower closed, and try to init it again
2023-01-04 06:17:39,836 WARN 39541 [ClusterClient:Watcher] follower closed, and try to init it again
2023-01-04 06:33:01,285 WARN 39541 [TCPBase] socket is closed by other side while there were still unhandled data in the socket buffer
2023-01-04 06:33:01,285 WARN 39541 [ClusterClient:Watcher] follower closed, and try to init it again
2023-01-04 06:48:50,966 WARN 39541 [TCPBase] socket is closed by other side while there were still unhandled data in the socket buffer
2023-01-04 06:48:50,966 WARN 39541 [ClusterClient:Watcher] follower closed, and try to init it again
2023-01-04 07:22:34,326 WARN 39541 [TCPBase] socket is closed by other side while there were still unhandled data in the socket buffer
2023-01-04 07:22:34,326 WARN 39541 [ClusterClient:Watcher] follower closed, and try to init it again
2023-01-04 07:39:07,167 WARN 39541 [TCPBase] socket is closed by other side while there were still unhandled data in the socket buffer
2023-01-04 07:39:07,167 WARN 39541 [ClusterClient:Watcher] follower closed, and try to init it again
2023-01-04 07:54:26,800 WARN 39541 [ClusterClient:Watcher] follower closed, and try to init it again
2023-01-04 08:11:08,474 WARN 39541 [ClusterClient:Watcher] follower closed, and try to init it again
2023-01-04 08:22:12,589 WARN 39541 [TCPBase] socket is closed by other side while there were still unhandled data in the socket buffer
2023-01-04 08:22:12,589 WARN 39541 [ClusterClient:Watcher] follower closed, and try to init it again
2023-01-04 08:40:06,417 WARN 39541 [ClusterClient:Watcher] follower closed, and try to init it again
2023-01-04 08:57:03,176 WARN 39541 [TCPBase] socket is closed by other side while there were still unhandled data in the socket buffer
2023-01-04 08:57:03,176 WARN 39541 [ClusterClient:Watcher] follower closed, and try to init it again
2023-01-04 09:12:12,839 WARN 39541 [ClusterClient:Watcher] follower closed, and try to init it again
2023-01-04 09:45:25,182 WARN 39541 [TCPBase] socket is closed by other side while there were still unhandled data in the socket buffer
2023-01-04 09:45:25,182 WARN 39541 [ClusterClient:Watcher] follower closed, and try to init it again
2023-01-04 10:01:56,862 WARN 39541 [ClusterClient:Watcher] follower closed, and try to init it again
2023-01-04 11:12:00,911 ERROR 39541 nodejs.TypeError: Converting circular structure to JSON
    --> starting at object with constructor 'Server'
    |     property 'nsps' -> object with constructor 'Object'
    |     property '/' -> object with constructor 'Namespace'
    --- property 'server' closes the circle
    --> starting at object with constructor 'Server'
    |     property 'nsps' -> object with constructor 'Object'
    |     property '/' -> object with constructor 'Namespace'
    --- property 'server' closes the circle
    at JSON.stringify (<anonymous>)
    at Object.hash (/Users/huke/Downloads/example/node_modules/koa-session/lib/util.js:35:21)
    at ContextSession._shouldSaveSession (/Users/huke/Downloads/example/node_modules/koa-session/lib/context.js:254:39)
    at ContextSession.commit (/Users/huke/Downloads/example/node_modules/koa-session/lib/context.js:230:25)
    at session (/Users/huke/Downloads/example/node_modules/koa-session/index.js:46:20)
    at runMicrotasks (<anonymous>)
    at processTicksAndRejections (node:internal/process/task_queues:96:5)

pid: 39541
hostname: HUs-MacBook-Pro.local

2023-01-04 11:39:10,155 ERROR 39541 nodejs.TypeError: Converting circular structure to JSON
    --> starting at object with constructor 'Server'
    |     property 'nsps' -> object with constructor 'Object'
    |     property '/' -> object with constructor 'Namespace'
    --- property 'server' closes the circle
    --> starting at object with constructor 'Server'
    |     property 'nsps' -> object with constructor 'Object'
    |     property '/' -> object with constructor 'Namespace'
    --- property 'server' closes the circle
    at JSON.stringify (<anonymous>)
    at Object.hash (/Users/huke/Downloads/example/node_modules/koa-session/lib/util.js:35:21)
    at ContextSession._shouldSaveSession (/Users/huke/Downloads/example/node_modules/koa-session/lib/context.js:254:39)
    at ContextSession.commit (/Users/huke/Downloads/example/node_modules/koa-session/lib/context.js:230:25)
    at session (/Users/huke/Downloads/example/node_modules/koa-session/index.js:46:20)
    at runMicrotasks (<anonymous>)
    at processTicksAndRejections (node:internal/process/task_queues:96:5)

pid: 39541
hostname: HUs-MacBook-Pro.local

2023-01-04 11:39:12,141 ERROR 39541 nodejs.TypeError: Converting circular structure to JSON
    --> starting at object with constructor 'Server'
    |     property 'nsps' -> object with constructor 'Object'
    |     property '/' -> object with constructor 'Namespace'
    --- property 'server' closes the circle
    --> starting at object with constructor 'Server'
    |     property 'nsps' -> object with constructor 'Object'
    |     property '/' -> object with constructor 'Namespace'
    --- property 'server' closes the circle
    at JSON.stringify (<anonymous>)
    at Object.hash (/Users/huke/Downloads/example/node_modules/koa-session/lib/util.js:35:21)
    at ContextSession._shouldSaveSession (/Users/huke/Downloads/example/node_modules/koa-session/lib/context.js:254:39)
    at ContextSession.commit (/Users/huke/Downloads/example/node_modules/koa-session/lib/context.js:230:25)
    at session (/Users/huke/Downloads/example/node_modules/koa-session/index.js:46:20)
    at runMicrotasks (<anonymous>)
    at processTicksAndRejections (node:internal/process/task_queues:96:5)

pid: 39541
hostname: HUs-MacBook-Pro.local

